Success (11):
group 100 adea929e-0a7a-481a-ad48-9725dbeb3c8d "PU Administrators"
group 101 0cda062f-00c0-40cd-aab7-e8e40f3ae4e3 "PU Users"
content 3085 8cbca523-d8b5-44a5-91c4-8b012f4ad1bb "PU Rules & Constants"
content 3086 b30dbf05-8554-40c3-bb87-7f75fa9f2ff1 "PU Knowledge Center"
content 3087 7d19c31d-a097-4be5-8930-168b8231f170 "PU Application Documentation"
content 3088 c793ec93-5894-4cda-a690-c3c7823907cf "PU Artifacts"
content 3093 _a-0000edd6-3328-8000-9c13-011c48011c48_17756 "PU_testUserPreference"
content 3142 _a-0000edd7-8483-8000-9c15-011c48011c48_18105 "PU_testExp"
processModelFolder 34 15521651-a9c1-4ae7-8c27-cea2b8103a9e "PU Process Models"
processModel 325 0002edd5-6d78-8000-fb3b-7f0000014e7a "PU AddUser"
application 3179 ecb35f4b-d831-41e5-8299-088ab39c66ce "Personalization Utils"

Trace:
2025-05-14 07:26:14.376 DEBUG application 3179 ecb35f4b-d831-41e5-8299-088ab39c66ce Begin transport.
2025-05-14 07:26:14.376 DEBUG application 3179 ecb35f4b-d831-41e5-8299-088ab39c66ce Retrieving object data.
2025-05-14 07:26:14.439 DEBUG application 3179 ecb35f4b-d831-41e5-8299-088ab39c66ce App associated objects: [group=[adea929e-0a7a-481a-ad48-9725dbeb3c8d, 0cda062f-00c0-40cd-aab7-e8e40f3ae4e3],content=[8cbca523-d8b5-44a5-91c4-8b012f4ad1bb, 7d19c31d-a097-4be5-8930-168b8231f170, c793ec93-5894-4cda-a690-c3c7823907cf, b30dbf05-8554-40c3-bb87-7f75fa9f2ff1, _a-0000edd6-3328-8000-9c13-011c48011c48_17756, _a-0000edd7-8483-8000-9c15-011c48011c48_18105],processModelFolder=[15521651-a9c1-4ae7-8c27-cea2b8103a9e],processModel=[0002edd5-6d78-8000-fb3b-7f0000014e7a]]
2025-05-14 07:26:14.518 DEBUG application 3179 ecb35f4b-d831-41e5-8299-088ab39c66ce Invalid associated objects: []
2025-05-14 07:26:14.518 DEBUG application 3179 ecb35f4b-d831-41e5-8299-088ab39c66ce Adding valid associated objects to be exported: GlobalBindingMap[group={adea929e-0a7a-481a-ad48-9725dbeb3c8d=100, 0cda062f-00c0-40cd-aab7-e8e40f3ae4e3=101},content={8cbca523-d8b5-44a5-91c4-8b012f4ad1bb=3085, 7d19c31d-a097-4be5-8930-168b8231f170=3087, c793ec93-5894-4cda-a690-c3c7823907cf=3088, b30dbf05-8554-40c3-bb87-7f75fa9f2ff1=3086, _a-0000edd6-3328-8000-9c13-011c48011c48_17756=3093, _a-0000edd7-8483-8000-9c15-011c48011c48_18105=3142},processModelFolder={15521651-a9c1-4ae7-8c27-cea2b8103a9e=34},processModel={0002edd5-6d78-8000-fb3b-7f0000014e7a=325}]
2025-05-14 07:26:14.52 DEBUG application 3179 ecb35f4b-d831-41e5-8299-088ab39c66ce Setting uuids of object references.
2025-05-14 07:26:14.603 DEBUG application 3179 ecb35f4b-d831-41e5-8299-088ab39c66ce Processing reference: Application.forum
2025-05-14 07:26:14.605 DEBUG application 3179 ecb35f4b-d831-41e5-8299-088ab39c66ce Processing reference: Application.parent
2025-05-14 07:26:14.632 DEBUG application 3179 ecb35f4b-d831-41e5-8299-088ab39c66ce Processing reference: com.appiancorp.suiteapi.content.ContentRoleMap@54e8c463[
  ContentRole[name=readers,groupIds=[101],inherit=false,allowForAll=false]
  ContentRole[name=authors,inherit=false,allowForAll=false]
  ContentRole[name=administrators,groupIds=[100],inherit=false,allowForAll=false]
  ContentRole[name=denyReaders,inherit=false,allowForAll=false]
  ContentRole[name=denyAuthors,inherit=false,allowForAll=false]
  ContentRole[name=denyAdministrators,inherit=false,allowForAll=false]
  securityVector=1:SEC_PUBLIC=true,SEC_CREATOR_ADMIN=false,SEC_INH_ADMIN=false,SEC_INH_EDITOR=false,SEC_INH_VIEWER=false,SEC_ALL_ADMIN=false,SEC_ALL_EDITOR=false,SEC_ALL_VIEWER=false
]
2025-05-14 07:26:14.633 DEBUG application 3179 ecb35f4b-d831-41e5-8299-088ab39c66ce Processing reference: ContentRole[name=readers,groupIds=[101],inherit=false,allowForAll=false]
2025-05-14 07:26:14.639 DEBUG group 101 0cda062f-00c0-40cd-aab7-e8e40f3ae4e3 Begin transport.
2025-05-14 07:26:14.639 DEBUG group 101 0cda062f-00c0-40cd-aab7-e8e40f3ae4e3 Retrieving object data.
2025-05-14 07:26:14.691 DEBUG group 101 0cda062f-00c0-40cd-aab7-e8e40f3ae4e3 Setting uuids of object references.
2025-05-14 07:26:14.697 DEBUG group 101 0cda062f-00c0-40cd-aab7-e8e40f3ae4e3 Processing reference: Role[name=<null>,groupIds=[100]]
2025-05-14 07:26:14.701 DEBUG group 100 adea929e-0a7a-481a-ad48-9725dbeb3c8d Begin transport.
2025-05-14 07:26:14.701 DEBUG group 100 adea929e-0a7a-481a-ad48-9725dbeb3c8d Retrieving object data.
2025-05-14 07:26:14.74 DEBUG group 100 adea929e-0a7a-481a-ad48-9725dbeb3c8d Setting uuids of object references.
2025-05-14 07:26:14.741 DEBUG group 100 adea929e-0a7a-481a-ad48-9725dbeb3c8d Processing reference: Role[name=<null>,groupIds=[100]]
2025-05-14 07:26:14.744 DEBUG group 100 adea929e-0a7a-481a-ad48-9725dbeb3c8d Begin transport.
2025-05-14 07:26:14.745 DEBUG group 100 adea929e-0a7a-481a-ad48-9725dbeb3c8d Loop detected: [group:100]
2025-05-14 07:26:14.745 DEBUG group 100 Breaking loop [group:100]. group:100 will be transported with its reference to 100 nulled out and will require a second pass.
2025-05-14 07:26:14.753 DEBUG group 100 adea929e-0a7a-481a-ad48-9725dbeb3c8d Processing reference: Group.groupTypeId
2025-05-14 07:26:14.773 DEBUG group 100 adea929e-0a7a-481a-ad48-9725dbeb3c8d Processing reference: Group.parentId
2025-05-14 07:26:14.773 DEBUG group 100 adea929e-0a7a-481a-ad48-9725dbeb3c8d Processing reference: Group.homePageId
2025-05-14 07:26:14.774 DEBUG group 100 adea929e-0a7a-481a-ad48-9725dbeb3c8d Processing reference: Role[name=<null>]
2025-05-14 07:26:14.777 DEBUG group 100 adea929e-0a7a-481a-ad48-9725dbeb3c8d Object transported with these references nulled out: [group:100]
2025-05-14 07:26:14.777 DEBUG group 100 adea929e-0a7a-481a-ad48-9725dbeb3c8d Binding pending incomplete: group:100
2025-05-14 07:26:14.78 DEBUG group 100 adea929e-0a7a-481a-ad48-9725dbeb3c8d Begin transport.
2025-05-14 07:26:14.78 DEBUG group 100 adea929e-0a7a-481a-ad48-9725dbeb3c8d Retrieving object data.
2025-05-14 07:26:14.808 DEBUG group 100 adea929e-0a7a-481a-ad48-9725dbeb3c8d Setting uuids of object references.
2025-05-14 07:26:14.809 DEBUG group 100 adea929e-0a7a-481a-ad48-9725dbeb3c8d Processing reference: Role[name=<null>,groupIds=[100]]
2025-05-14 07:26:14.813 DEBUG group 100 adea929e-0a7a-481a-ad48-9725dbeb3c8d Processing reference: Group.groupTypeId
2025-05-14 07:26:14.816 DEBUG group 100 adea929e-0a7a-481a-ad48-9725dbeb3c8d Processing reference: Group.parentId
2025-05-14 07:26:14.816 DEBUG group 100 adea929e-0a7a-481a-ad48-9725dbeb3c8d Processing reference: Group.homePageId
2025-05-14 07:26:14.817 DEBUG group 100 adea929e-0a7a-481a-ad48-9725dbeb3c8d Processing reference: Role[name=<null>]
2025-05-14 07:26:14.817 DEBUG group 100 adea929e-0a7a-481a-ad48-9725dbeb3c8d Exporting binary resources.
2025-05-14 07:26:14.817 DEBUG group 100 adea929e-0a7a-481a-ad48-9725dbeb3c8d Serializing object to XML.
2025-05-14 07:26:14.843 DEBUG group 100 adea929e-0a7a-481a-ad48-9725dbeb3c8d Removed object from incomplete list.
2025-05-14 07:26:14.843 DEBUG group 100 adea929e-0a7a-481a-ad48-9725dbeb3c8d Object transported.
2025-05-14 07:26:14.843 DEBUG group 100 adea929e-0a7a-481a-ad48-9725dbeb3c8d Binding pending incomplete: group:100
2025-05-14 07:26:14.854 DEBUG group 101 0cda062f-00c0-40cd-aab7-e8e40f3ae4e3 Processing reference: Group.groupTypeId
2025-05-14 07:26:14.859 DEBUG group 101 0cda062f-00c0-40cd-aab7-e8e40f3ae4e3 Processing reference: Group.parentId
2025-05-14 07:26:14.859 DEBUG group 101 0cda062f-00c0-40cd-aab7-e8e40f3ae4e3 Processing reference: Group.homePageId
2025-05-14 07:26:14.859 DEBUG group 101 0cda062f-00c0-40cd-aab7-e8e40f3ae4e3 Processing reference: Role[name=<null>,groupIds=[100]]
2025-05-14 07:26:14.861 DEBUG group 101 0cda062f-00c0-40cd-aab7-e8e40f3ae4e3 Exporting binary resources.
2025-05-14 07:26:14.861 DEBUG group 101 0cda062f-00c0-40cd-aab7-e8e40f3ae4e3 Serializing object to XML.
2025-05-14 07:26:14.863 DEBUG group 101 0cda062f-00c0-40cd-aab7-e8e40f3ae4e3 Object transported.
2025-05-14 07:26:14.866 DEBUG application 3179 ecb35f4b-d831-41e5-8299-088ab39c66ce Processing reference: ContentRole[name=authors,inherit=false,allowForAll=false]
2025-05-14 07:26:14.867 DEBUG application 3179 ecb35f4b-d831-41e5-8299-088ab39c66ce Processing reference: ContentRole[name=administrators,groupIds=[100],inherit=false,allowForAll=false]
2025-05-14 07:26:14.871 DEBUG application 3179 ecb35f4b-d831-41e5-8299-088ab39c66ce Processing reference: ContentRole[name=denyReaders,inherit=false,allowForAll=false]
2025-05-14 07:26:14.871 DEBUG application 3179 ecb35f4b-d831-41e5-8299-088ab39c66ce Processing reference: ContentRole[name=denyAuthors,inherit=false,allowForAll=false]
2025-05-14 07:26:14.871 DEBUG application 3179 ecb35f4b-d831-41e5-8299-088ab39c66ce Processing reference: ContentRole[name=denyAdministrators,inherit=false,allowForAll=false]
2025-05-14 07:26:15.079 DEBUG content 3085 8cbca523-d8b5-44a5-91c4-8b012f4ad1bb Begin transport.
2025-05-14 07:26:15.079 DEBUG content 3085 8cbca523-d8b5-44a5-91c4-8b012f4ad1bb Retrieving object data.
2025-05-14 07:26:15.171 DEBUG content 3085 8cbca523-d8b5-44a5-91c4-8b012f4ad1bb Setting uuids of object references.
2025-05-14 07:26:15.226 DEBUG content 3085 8cbca523-d8b5-44a5-91c4-8b012f4ad1bb Processing reference: RulesFolder.forum
2025-05-14 07:26:15.226 DEBUG content 3085 8cbca523-d8b5-44a5-91c4-8b012f4ad1bb Processing reference: RulesFolder.parent
2025-05-14 07:26:15.262 DEBUG content 3085 8cbca523-d8b5-44a5-91c4-8b012f4ad1bb Processing reference: com.appiancorp.suiteapi.content.ContentRoleMap@7db356ec[
  ContentRole[name=readers,groupIds=[101],inherit=false,allowForAll=false]
  ContentRole[name=authors,inherit=false,allowForAll=false]
  ContentRole[name=administrators,groupIds=[100],inherit=false,allowForAll=false]
  ContentRole[name=denyReaders,inherit=false,allowForAll=false]
  ContentRole[name=denyAuthors,inherit=false,allowForAll=false]
  ContentRole[name=denyAdministrators,inherit=false,allowForAll=false]
  securityVector=1:SEC_PUBLIC=true,SEC_CREATOR_ADMIN=false,SEC_INH_ADMIN=false,SEC_INH_EDITOR=false,SEC_INH_VIEWER=false,SEC_ALL_ADMIN=false,SEC_ALL_EDITOR=false,SEC_ALL_VIEWER=false
]
2025-05-14 07:26:15.262 DEBUG content 3085 8cbca523-d8b5-44a5-91c4-8b012f4ad1bb Processing reference: ContentRole[name=readers,groupIds=[101],inherit=false,allowForAll=false]
2025-05-14 07:26:15.27 DEBUG content 3085 8cbca523-d8b5-44a5-91c4-8b012f4ad1bb Processing reference: ContentRole[name=authors,inherit=false,allowForAll=false]
2025-05-14 07:26:15.27 DEBUG content 3085 8cbca523-d8b5-44a5-91c4-8b012f4ad1bb Processing reference: ContentRole[name=administrators,groupIds=[100],inherit=false,allowForAll=false]
2025-05-14 07:26:15.288 DEBUG content 3085 8cbca523-d8b5-44a5-91c4-8b012f4ad1bb Processing reference: ContentRole[name=denyReaders,inherit=false,allowForAll=false]
2025-05-14 07:26:15.288 DEBUG content 3085 8cbca523-d8b5-44a5-91c4-8b012f4ad1bb Processing reference: ContentRole[name=denyAuthors,inherit=false,allowForAll=false]
2025-05-14 07:26:15.288 DEBUG content 3085 8cbca523-d8b5-44a5-91c4-8b012f4ad1bb Processing reference: ContentRole[name=denyAdministrators,inherit=false,allowForAll=false]
2025-05-14 07:26:15.29 DEBUG content 3085 8cbca523-d8b5-44a5-91c4-8b012f4ad1bb Exporting binary resources.
2025-05-14 07:26:15.29 DEBUG content 3085 8cbca523-d8b5-44a5-91c4-8b012f4ad1bb Serializing object to XML.
2025-05-14 07:26:15.293 DEBUG content 3085 8cbca523-d8b5-44a5-91c4-8b012f4ad1bb Object transported.
2025-05-14 07:26:15.293 DEBUG content 3087 7d19c31d-a097-4be5-8930-168b8231f170 Begin transport.
2025-05-14 07:26:15.293 DEBUG content 3087 7d19c31d-a097-4be5-8930-168b8231f170 Retrieving object data.
2025-05-14 07:26:15.363 DEBUG content 3087 7d19c31d-a097-4be5-8930-168b8231f170 Setting uuids of object references.
2025-05-14 07:26:15.369 DEBUG content 3087 7d19c31d-a097-4be5-8930-168b8231f170 Processing reference: KnowledgeFolder.forum
2025-05-14 07:26:15.369 DEBUG content 3087 7d19c31d-a097-4be5-8930-168b8231f170 Processing reference: KnowledgeFolder.parent
2025-05-14 07:26:15.383 DEBUG content 3086 b30dbf05-8554-40c3-bb87-7f75fa9f2ff1 Begin transport.
2025-05-14 07:26:15.383 DEBUG content 3086 b30dbf05-8554-40c3-bb87-7f75fa9f2ff1 Retrieving object data.
2025-05-14 07:26:15.423 DEBUG content 3086 b30dbf05-8554-40c3-bb87-7f75fa9f2ff1 Setting uuids of object references.
2025-05-14 07:26:15.439 DEBUG content 3086 b30dbf05-8554-40c3-bb87-7f75fa9f2ff1 Processing reference: CommunityKnowledgeCenter.forum
2025-05-14 07:26:15.439 DEBUG content 3086 b30dbf05-8554-40c3-bb87-7f75fa9f2ff1 Processing reference: CommunityKnowledgeCenter.parent
2025-05-14 07:26:15.444 DEBUG content 3086 b30dbf05-8554-40c3-bb87-7f75fa9f2ff1 Processing reference: com.appiancorp.suiteapi.content.ContentRoleMap@5c5b013f[
  ContentRole[name=readers,groupIds=[101],inherit=false,allowForAll=false]
  ContentRole[name=authors,inherit=false,allowForAll=false]
  ContentRole[name=administrators,groupIds=[100],inherit=false,allowForAll=false]
  ContentRole[name=denyReaders,inherit=false,allowForAll=false]
  ContentRole[name=denyAuthors,inherit=false,allowForAll=false]
  ContentRole[name=denyAdministrators,inherit=false,allowForAll=false]
  securityVector=1:SEC_PUBLIC=true,SEC_CREATOR_ADMIN=false,SEC_INH_ADMIN=false,SEC_INH_EDITOR=false,SEC_INH_VIEWER=false,SEC_ALL_ADMIN=false,SEC_ALL_EDITOR=false,SEC_ALL_VIEWER=false
]
2025-05-14 07:26:15.444 DEBUG content 3086 b30dbf05-8554-40c3-bb87-7f75fa9f2ff1 Processing reference: ContentRole[name=readers,groupIds=[101],inherit=false,allowForAll=false]
2025-05-14 07:26:15.446 DEBUG content 3086 b30dbf05-8554-40c3-bb87-7f75fa9f2ff1 Processing reference: ContentRole[name=authors,inherit=false,allowForAll=false]
2025-05-14 07:26:15.446 DEBUG content 3086 b30dbf05-8554-40c3-bb87-7f75fa9f2ff1 Processing reference: ContentRole[name=administrators,groupIds=[100],inherit=false,allowForAll=false]
2025-05-14 07:26:15.449 DEBUG content 3086 b30dbf05-8554-40c3-bb87-7f75fa9f2ff1 Processing reference: ContentRole[name=denyReaders,inherit=false,allowForAll=false]
2025-05-14 07:26:15.449 DEBUG content 3086 b30dbf05-8554-40c3-bb87-7f75fa9f2ff1 Processing reference: ContentRole[name=denyAuthors,inherit=false,allowForAll=false]
2025-05-14 07:26:15.449 DEBUG content 3086 b30dbf05-8554-40c3-bb87-7f75fa9f2ff1 Processing reference: ContentRole[name=denyAdministrators,inherit=false,allowForAll=false]
2025-05-14 07:26:15.449 DEBUG content 3086 b30dbf05-8554-40c3-bb87-7f75fa9f2ff1 Exporting binary resources.
2025-05-14 07:26:15.449 DEBUG content 3086 b30dbf05-8554-40c3-bb87-7f75fa9f2ff1 Serializing object to XML.
2025-05-14 07:26:15.452 DEBUG content 3086 b30dbf05-8554-40c3-bb87-7f75fa9f2ff1 Object transported.
2025-05-14 07:26:15.453 DEBUG content 3087 7d19c31d-a097-4be5-8930-168b8231f170 Processing reference: com.appiancorp.suiteapi.content.ContentRoleMap@1eeb852e[
  ContentRole[name=readers,inherit=true,allowForAll=false]
  ContentRole[name=authors,inherit=true,allowForAll=false]
  ContentRole[name=administrators,inherit=true,allowForAll=false]
  ContentRole[name=denyReaders,inherit=false,allowForAll=false]
  ContentRole[name=denyAuthors,inherit=false,allowForAll=false]
  ContentRole[name=denyAdministrators,inherit=false,allowForAll=false]
  securityVector=15:SEC_PUBLIC=true,SEC_CREATOR_ADMIN=false,SEC_INH_ADMIN=true,SEC_INH_EDITOR=true,SEC_INH_VIEWER=true,SEC_ALL_ADMIN=false,SEC_ALL_EDITOR=false,SEC_ALL_VIEWER=false
]
2025-05-14 07:26:15.453 DEBUG content 3087 7d19c31d-a097-4be5-8930-168b8231f170 Processing reference: ContentRole[name=readers,inherit=true,allowForAll=false]
2025-05-14 07:26:15.453 DEBUG content 3087 7d19c31d-a097-4be5-8930-168b8231f170 Processing reference: ContentRole[name=authors,inherit=true,allowForAll=false]
2025-05-14 07:26:15.453 DEBUG content 3087 7d19c31d-a097-4be5-8930-168b8231f170 Processing reference: ContentRole[name=administrators,inherit=true,allowForAll=false]
2025-05-14 07:26:15.453 DEBUG content 3087 7d19c31d-a097-4be5-8930-168b8231f170 Processing reference: ContentRole[name=denyReaders,inherit=false,allowForAll=false]
2025-05-14 07:26:15.453 DEBUG content 3087 7d19c31d-a097-4be5-8930-168b8231f170 Processing reference: ContentRole[name=denyAuthors,inherit=false,allowForAll=false]
2025-05-14 07:26:15.453 DEBUG content 3087 7d19c31d-a097-4be5-8930-168b8231f170 Processing reference: ContentRole[name=denyAdministrators,inherit=false,allowForAll=false]
2025-05-14 07:26:15.453 DEBUG content 3087 7d19c31d-a097-4be5-8930-168b8231f170 Exporting binary resources.
2025-05-14 07:26:15.453 DEBUG content 3087 7d19c31d-a097-4be5-8930-168b8231f170 Serializing object to XML.
2025-05-14 07:26:15.455 DEBUG content 3087 7d19c31d-a097-4be5-8930-168b8231f170 Object transported.
2025-05-14 07:26:15.455 DEBUG content 3088 c793ec93-5894-4cda-a690-c3c7823907cf Begin transport.
2025-05-14 07:26:15.455 DEBUG content 3088 c793ec93-5894-4cda-a690-c3c7823907cf Retrieving object data.
2025-05-14 07:26:15.491 DEBUG content 3088 c793ec93-5894-4cda-a690-c3c7823907cf Setting uuids of object references.
2025-05-14 07:26:15.491 DEBUG content 3088 c793ec93-5894-4cda-a690-c3c7823907cf Processing reference: KnowledgeFolder.forum
2025-05-14 07:26:15.491 DEBUG content 3088 c793ec93-5894-4cda-a690-c3c7823907cf Processing reference: KnowledgeFolder.parent
2025-05-14 07:26:15.509 DEBUG content 3088 c793ec93-5894-4cda-a690-c3c7823907cf Processing reference: com.appiancorp.suiteapi.content.ContentRoleMap@f055730[
  ContentRole[name=readers,inherit=true,allowForAll=false]
  ContentRole[name=authors,inherit=true,allowForAll=false]
  ContentRole[name=administrators,inherit=true,allowForAll=false]
  ContentRole[name=denyReaders,inherit=false,allowForAll=false]
  ContentRole[name=denyAuthors,inherit=false,allowForAll=false]
  ContentRole[name=denyAdministrators,inherit=false,allowForAll=false]
  securityVector=15:SEC_PUBLIC=true,SEC_CREATOR_ADMIN=false,SEC_INH_ADMIN=true,SEC_INH_EDITOR=true,SEC_INH_VIEWER=true,SEC_ALL_ADMIN=false,SEC_ALL_EDITOR=false,SEC_ALL_VIEWER=false
]
2025-05-14 07:26:15.509 DEBUG content 3088 c793ec93-5894-4cda-a690-c3c7823907cf Processing reference: ContentRole[name=readers,inherit=true,allowForAll=false]
2025-05-14 07:26:15.509 DEBUG content 3088 c793ec93-5894-4cda-a690-c3c7823907cf Processing reference: ContentRole[name=authors,inherit=true,allowForAll=false]
2025-05-14 07:26:15.509 DEBUG content 3088 c793ec93-5894-4cda-a690-c3c7823907cf Processing reference: ContentRole[name=administrators,inherit=true,allowForAll=false]
2025-05-14 07:26:15.509 DEBUG content 3088 c793ec93-5894-4cda-a690-c3c7823907cf Processing reference: ContentRole[name=denyReaders,inherit=false,allowForAll=false]
2025-05-14 07:26:15.509 DEBUG content 3088 c793ec93-5894-4cda-a690-c3c7823907cf Processing reference: ContentRole[name=denyAuthors,inherit=false,allowForAll=false]
2025-05-14 07:26:15.509 DEBUG content 3088 c793ec93-5894-4cda-a690-c3c7823907cf Processing reference: ContentRole[name=denyAdministrators,inherit=false,allowForAll=false]
2025-05-14 07:26:15.509 DEBUG content 3088 c793ec93-5894-4cda-a690-c3c7823907cf Exporting binary resources.
2025-05-14 07:26:15.509 DEBUG content 3088 c793ec93-5894-4cda-a690-c3c7823907cf Serializing object to XML.
2025-05-14 07:26:15.511 DEBUG content 3088 c793ec93-5894-4cda-a690-c3c7823907cf Object transported.
2025-05-14 07:26:15.511 DEBUG content 3093 _a-0000edd6-3328-8000-9c13-011c48011c48_17756 Begin transport.
2025-05-14 07:26:15.511 DEBUG content 3093 _a-0000edd6-3328-8000-9c13-011c48011c48_17756 Retrieving object data.
2025-05-14 07:26:15.544 DEBUG content 3093 _a-0000edd6-3328-8000-9c13-011c48011c48_17756 Setting uuids of object references.
2025-05-14 07:26:15.544 DEBUG content 3093 _a-0000edd6-3328-8000-9c13-011c48011c48_17756 Processing reference: [Content:id=3092,versionId=-1,name=PU_testUserPreference,type=32,subtype=6,uuid=_a-0000edd6-3328-8000-9c13-011c48011c48_17756,parent=3085]
2025-05-14 07:26:15.602 DEBUG content 3093 _a-0000edd6-3328-8000-9c13-011c48011c48_17756 Processing reference: Interface.forum
2025-05-14 07:26:15.602 DEBUG content 3093 _a-0000edd6-3328-8000-9c13-011c48011c48_17756 Processing reference: Interface.parent
2025-05-14 07:26:15.624 DEBUG content 3093 _a-0000edd6-3328-8000-9c13-011c48011c48_17756 Processing reference: com.appiancorp.suiteapi.content.ContentRoleMap@2016e5fc[
  ContentRole[name=readers,inherit=true,allowForAll=false]
  ContentRole[name=authors,inherit=true,allowForAll=false]
  ContentRole[name=administrators,inherit=true,allowForAll=false]
  ContentRole[name=denyReaders,inherit=false,allowForAll=false]
  ContentRole[name=denyAuthors,inherit=false,allowForAll=false]
  ContentRole[name=denyAdministrators,inherit=false,allowForAll=false]
  securityVector=15:SEC_PUBLIC=true,SEC_CREATOR_ADMIN=false,SEC_INH_ADMIN=true,SEC_INH_EDITOR=true,SEC_INH_VIEWER=true,SEC_ALL_ADMIN=false,SEC_ALL_EDITOR=false,SEC_ALL_VIEWER=false
]
2025-05-14 07:26:15.624 DEBUG content 3093 _a-0000edd6-3328-8000-9c13-011c48011c48_17756 Processing reference: ContentRole[name=readers,inherit=true,allowForAll=false]
2025-05-14 07:26:15.624 DEBUG content 3093 _a-0000edd6-3328-8000-9c13-011c48011c48_17756 Processing reference: ContentRole[name=authors,inherit=true,allowForAll=false]
2025-05-14 07:26:15.624 DEBUG content 3093 _a-0000edd6-3328-8000-9c13-011c48011c48_17756 Processing reference: ContentRole[name=administrators,inherit=true,allowForAll=false]
2025-05-14 07:26:15.624 DEBUG content 3093 _a-0000edd6-3328-8000-9c13-011c48011c48_17756 Processing reference: ContentRole[name=denyReaders,inherit=false,allowForAll=false]
2025-05-14 07:26:15.624 DEBUG content 3093 _a-0000edd6-3328-8000-9c13-011c48011c48_17756 Processing reference: ContentRole[name=denyAuthors,inherit=false,allowForAll=false]
2025-05-14 07:26:15.624 DEBUG content 3093 _a-0000edd6-3328-8000-9c13-011c48011c48_17756 Processing reference: ContentRole[name=denyAdministrators,inherit=false,allowForAll=false]
2025-05-14 07:26:15.624 DEBUG content 3093 _a-0000edd6-3328-8000-9c13-011c48011c48_17756 Exporting binary resources.
2025-05-14 07:26:15.624 DEBUG content 3093 _a-0000edd6-3328-8000-9c13-011c48011c48_17756 Serializing object to XML.
2025-05-14 07:26:15.626 DEBUG content 3093 _a-0000edd6-3328-8000-9c13-011c48011c48_17756 Object transported.
2025-05-14 07:26:15.626 DEBUG content 3142 _a-0000edd7-8483-8000-9c15-011c48011c48_18105 Begin transport.
2025-05-14 07:26:15.626 DEBUG content 3142 _a-0000edd7-8483-8000-9c15-011c48011c48_18105 Retrieving object data.
2025-05-14 07:26:15.667 DEBUG content 3142 _a-0000edd7-8483-8000-9c15-011c48011c48_18105 Setting uuids of object references.
2025-05-14 07:26:15.667 DEBUG content 3142 _a-0000edd7-8483-8000-9c15-011c48011c48_18105 Processing reference: [Content:id=3142,versionId=-1,name=PU_testExp,type=32,subtype=1,uuid=_a-0000edd7-8483-8000-9c15-011c48011c48_18105,parent=3085]
2025-05-14 07:26:15.668 DEBUG content 3142 _a-0000edd7-8483-8000-9c15-011c48011c48_18105 Processing reference: FreeformRule.forum
2025-05-14 07:26:15.668 DEBUG content 3142 _a-0000edd7-8483-8000-9c15-011c48011c48_18105 Processing reference: FreeformRule.parent
2025-05-14 07:26:15.68 DEBUG content 3142 _a-0000edd7-8483-8000-9c15-011c48011c48_18105 Processing reference: com.appiancorp.suiteapi.content.ContentRoleMap@476b59ef[
  ContentRole[name=readers,inherit=true,allowForAll=false]
  ContentRole[name=authors,inherit=true,allowForAll=false]
  ContentRole[name=administrators,inherit=true,allowForAll=false]
  ContentRole[name=denyReaders,inherit=false,allowForAll=false]
  ContentRole[name=denyAuthors,inherit=false,allowForAll=false]
  ContentRole[name=denyAdministrators,inherit=false,allowForAll=false]
  securityVector=15:SEC_PUBLIC=true,SEC_CREATOR_ADMIN=false,SEC_INH_ADMIN=true,SEC_INH_EDITOR=true,SEC_INH_VIEWER=true,SEC_ALL_ADMIN=false,SEC_ALL_EDITOR=false,SEC_ALL_VIEWER=false
]
2025-05-14 07:26:15.68 DEBUG content 3142 _a-0000edd7-8483-8000-9c15-011c48011c48_18105 Processing reference: ContentRole[name=readers,inherit=true,allowForAll=false]
2025-05-14 07:26:15.681 DEBUG content 3142 _a-0000edd7-8483-8000-9c15-011c48011c48_18105 Processing reference: ContentRole[name=authors,inherit=true,allowForAll=false]
2025-05-14 07:26:15.681 DEBUG content 3142 _a-0000edd7-8483-8000-9c15-011c48011c48_18105 Processing reference: ContentRole[name=administrators,inherit=true,allowForAll=false]
2025-05-14 07:26:15.681 DEBUG content 3142 _a-0000edd7-8483-8000-9c15-011c48011c48_18105 Processing reference: ContentRole[name=denyReaders,inherit=false,allowForAll=false]
2025-05-14 07:26:15.681 DEBUG content 3142 _a-0000edd7-8483-8000-9c15-011c48011c48_18105 Processing reference: ContentRole[name=denyAuthors,inherit=false,allowForAll=false]
2025-05-14 07:26:15.681 DEBUG content 3142 _a-0000edd7-8483-8000-9c15-011c48011c48_18105 Processing reference: ContentRole[name=denyAdministrators,inherit=false,allowForAll=false]
2025-05-14 07:26:15.681 DEBUG content 3142 _a-0000edd7-8483-8000-9c15-011c48011c48_18105 Exporting binary resources.
2025-05-14 07:26:15.681 DEBUG content 3142 _a-0000edd7-8483-8000-9c15-011c48011c48_18105 Serializing object to XML.
2025-05-14 07:26:15.683 DEBUG content 3142 _a-0000edd7-8483-8000-9c15-011c48011c48_18105 Object transported.
2025-05-14 07:26:15.783 DEBUG processModelFolder 34 15521651-a9c1-4ae7-8c27-cea2b8103a9e Begin transport.
2025-05-14 07:26:15.784 DEBUG processModelFolder 34 15521651-a9c1-4ae7-8c27-cea2b8103a9e Retrieving object data.
2025-05-14 07:26:15.845 DEBUG processModelFolder 34 15521651-a9c1-4ae7-8c27-cea2b8103a9e Setting uuids of object references.
2025-05-14 07:26:15.855 DEBUG processModelFolder 34 15521651-a9c1-4ae7-8c27-cea2b8103a9e Processing reference: ProcessModelFolder.parentFolderId
2025-05-14 07:26:15.856 DEBUG processModelFolder 34 15521651-a9c1-4ae7-8c27-cea2b8103a9e Processing reference: com.appiancorp.suiteapi.process.ProcessRoleMap@54c839f7[
  Role[name=ADMIN_OWNER,groupIds=[100]]
  Role[name=EDITOR]
  Role[name=EXPLICIT_NONMEMBER]
  Role[name=VIEWER,groupIds=[101]]
  Role[name=MANAGER]
  Role[name=INITIATOR]
]
2025-05-14 07:26:15.856 DEBUG processModelFolder 34 15521651-a9c1-4ae7-8c27-cea2b8103a9e Processing reference: Role[name=ADMIN_OWNER,groupIds=[100]]
2025-05-14 07:26:15.867 DEBUG processModelFolder 34 15521651-a9c1-4ae7-8c27-cea2b8103a9e Processing reference: Role[name=EDITOR]
2025-05-14 07:26:15.868 DEBUG processModelFolder 34 15521651-a9c1-4ae7-8c27-cea2b8103a9e Processing reference: Role[name=EXPLICIT_NONMEMBER]
2025-05-14 07:26:15.868 DEBUG processModelFolder 34 15521651-a9c1-4ae7-8c27-cea2b8103a9e Processing reference: Role[name=VIEWER,groupIds=[101]]
2025-05-14 07:26:15.876 DEBUG processModelFolder 34 15521651-a9c1-4ae7-8c27-cea2b8103a9e Processing reference: Role[name=MANAGER]
2025-05-14 07:26:15.876 DEBUG processModelFolder 34 15521651-a9c1-4ae7-8c27-cea2b8103a9e Processing reference: Role[name=INITIATOR]
2025-05-14 07:26:15.899 DEBUG processModelFolder 34 15521651-a9c1-4ae7-8c27-cea2b8103a9e Exporting binary resources.
2025-05-14 07:26:15.899 DEBUG processModelFolder 34 15521651-a9c1-4ae7-8c27-cea2b8103a9e Serializing object to XML.
2025-05-14 07:26:15.912 DEBUG processModelFolder 34 15521651-a9c1-4ae7-8c27-cea2b8103a9e Object transported.
2025-05-14 07:26:15.973 DEBUG processModel 325 0002edd5-6d78-8000-fb3b-7f0000014e7a Begin transport.
2025-05-14 07:26:15.973 DEBUG processModel 325 0002edd5-6d78-8000-fb3b-7f0000014e7a Retrieving object data.
2025-05-14 07:26:16.379 DEBUG processModel 325 0002edd5-6d78-8000-fb3b-7f0000014e7a Setting uuids of object references.
2025-05-14 07:26:16.383 DEBUG processModel 325 0002edd5-6d78-8000-fb3b-7f0000014e7a Processing reference: ProcessModelHaul.folderId
2025-05-14 07:26:16.39 DEBUG processModel 325 0002edd5-6d78-8000-fb3b-7f0000014e7a Processing reference: ProcessModelHaul.modelDashboardPageId
2025-05-14 07:26:16.39 DEBUG processModel 325 0002edd5-6d78-8000-fb3b-7f0000014e7a Processing reference: ProcessModelHaul.processDashboardPageId
2025-05-14 07:26:16.39 DEBUG processModel 325 0002edd5-6d78-8000-fb3b-7f0000014e7a Processing reference: ProcessModel.emailAttachmentFolderId
2025-05-14 07:26:16.426 DEBUG processModel 325 0002edd5-6d78-8000-fb3b-7f0000014e7a Processing reference: InternalForm.docId
2025-05-14 07:26:16.431 DEBUG processModel 325 0002edd5-6d78-8000-fb3b-7f0000014e7a Processing reference: ActivityClass.localId
2025-05-14 07:26:16.431 DEBUG processModel 325 0002edd5-6d78-8000-fb3b-7f0000014e7a Processing reference: ActivityClass.localId
2025-05-14 07:26:16.431 DEBUG processModel 325 0002edd5-6d78-8000-fb3b-7f0000014e7a Processing reference: ActivityClassParameter[name=pmID,it=23,v=<null>]
2025-05-14 07:26:16.432 DEBUG processModel 325 0002edd5-6d78-8000-fb3b-7f0000014e7a Processing reference: ActivityClassParameter[name=inMap,it=111,v={}]
2025-05-14 07:26:16.433 DEBUG processModel 325 0002edd5-6d78-8000-fb3b-7f0000014e7a Processing reference: ActivityClassParameter[name=procInheritsPriority,it=1,v=1]
2025-05-14 07:26:16.433 DEBUG processModel 325 0002edd5-6d78-8000-fb3b-7f0000014e7a Processing reference: ActivityClassParameter[name=pmUUID,it=3,v=]
2025-05-14 07:26:16.433 DEBUG processModel 325 0002edd5-6d78-8000-fb3b-7f0000014e7a Processing reference: ActivityClassParameter[name=isAsynchronous,it=26,v=1]
2025-05-14 07:26:16.433 DEBUG processModel 325 0002edd5-6d78-8000-fb3b-7f0000014e7a Processing reference: ActivityClassParameter[name=isTransparent,it=26,v=1]
2025-05-14 07:26:16.433 DEBUG processModel 325 0002edd5-6d78-8000-fb3b-7f0000014e7a Processing reference: ActivityClassParameter[name=inheritSecurity,it=26,v=0]
2025-05-14 07:26:16.433 DEBUG processModel 325 0002edd5-6d78-8000-fb3b-7f0000014e7a Processing reference: InternalForm.docId
2025-05-14 07:26:16.433 DEBUG processModel 325 0002edd5-6d78-8000-fb3b-7f0000014e7a Processing reference: ActivityClass.localId
2025-05-14 07:26:16.433 DEBUG processModel 325 0002edd5-6d78-8000-fb3b-7f0000014e7a Processing reference: ActivityClassParameter[name=username,it=3,v=arunkumar.testuser]
2025-05-14 07:26:16.434 DEBUG processModel 325 0002edd5-6d78-8000-fb3b-7f0000014e7a Processing reference: ActivityClassParameter[name=password,it=3,v=Arun@2025]
2025-05-14 07:26:16.434 DEBUG processModel 325 0002edd5-6d78-8000-fb3b-7f0000014e7a Processing reference: ActivityClassParameter[name=isTemporaryPassword,it=26,v=0]
2025-05-14 07:26:16.434 DEBUG processModel 325 0002edd5-6d78-8000-fb3b-7f0000014e7a Processing reference: ActivityClassParameter[name=firstName,it=3,v=Arunkumar]
2025-05-14 07:26:16.434 DEBUG processModel 325 0002edd5-6d78-8000-fb3b-7f0000014e7a Processing reference: ActivityClassParameter[name=nickName,it=3,v=]
2025-05-14 07:26:16.434 DEBUG processModel 325 0002edd5-6d78-8000-fb3b-7f0000014e7a Processing reference: ActivityClassParameter[name=middleName,it=3,v=]
2025-05-14 07:26:16.434 DEBUG processModel 325 0002edd5-6d78-8000-fb3b-7f0000014e7a Processing reference: ActivityClassParameter[name=lastName,it=3,v=Thangavel]
2025-05-14 07:26:16.434 DEBUG processModel 325 0002edd5-6d78-8000-fb3b-7f0000014e7a Processing reference: ActivityClassParameter[name=email,it=3,v=arunkumar.t@appian.com]
2025-05-14 07:26:16.434 DEBUG processModel 325 0002edd5-6d78-8000-fb3b-7f0000014e7a Processing reference: ActivityClassParameter[name=calendar,it=3,v=]
2025-05-14 07:26:16.441 DEBUG processModel 325 0002edd5-6d78-8000-fb3b-7f0000014e7a Processing reference: ActivityClassParameter[name=locale,it=3,v=en_US]
2025-05-14 07:26:16.441 DEBUG processModel 325 0002edd5-6d78-8000-fb3b-7f0000014e7a Processing reference: ActivityClassParameter[name=timezone,it=3,v=]
2025-05-14 07:26:16.441 DEBUG processModel 325 0002edd5-6d78-8000-fb3b-7f0000014e7a Processing reference: ActivityClassParameter[name=newUser,it=4,v=]
2025-05-14 07:26:16.442 DEBUG processModel 325 0002edd5-6d78-8000-fb3b-7f0000014e7a Processing reference: ProcessVariable[name=newUser,it=4,v=]
2025-05-14 07:26:16.442 DEBUG processModel 325 0002edd5-6d78-8000-fb3b-7f0000014e7a Processing reference: com.appiancorp.suiteapi.process.ProcessRoleMap@3b3f48cb[
  Role[name=ADMIN_OWNER,groupIds=[100]]
  Role[name=EDITOR]
  Role[name=EXPLICIT_NONMEMBER]
  Role[name=VIEWER,groupIds=[101]]
  Role[name=MANAGER]
  Role[name=INITIATOR]
]
2025-05-14 07:26:16.442 DEBUG processModel 325 0002edd5-6d78-8000-fb3b-7f0000014e7a Processing reference: Role[name=ADMIN_OWNER,groupIds=[100]]
2025-05-14 07:26:16.448 DEBUG processModel 325 0002edd5-6d78-8000-fb3b-7f0000014e7a Processing reference: Role[name=EDITOR]
2025-05-14 07:26:16.448 DEBUG processModel 325 0002edd5-6d78-8000-fb3b-7f0000014e7a Processing reference: Role[name=EXPLICIT_NONMEMBER]
2025-05-14 07:26:16.448 DEBUG processModel 325 0002edd5-6d78-8000-fb3b-7f0000014e7a Processing reference: Role[name=VIEWER,groupIds=[101]]
2025-05-14 07:26:16.462 DEBUG processModel 325 0002edd5-6d78-8000-fb3b-7f0000014e7a Processing reference: Role[name=MANAGER]
2025-05-14 07:26:16.462 DEBUG processModel 325 0002edd5-6d78-8000-fb3b-7f0000014e7a Processing reference: Role[name=INITIATOR]
2025-05-14 07:26:16.476 DEBUG processModel 325 0002edd5-6d78-8000-fb3b-7f0000014e7a Exporting binary resources.
2025-05-14 07:26:16.476 DEBUG processModel 325 0002edd5-6d78-8000-fb3b-7f0000014e7a Serializing object to XML.
2025-05-14 07:26:16.605 DEBUG processModel 325 0002edd5-6d78-8000-fb3b-7f0000014e7a Object transported.
2025-05-14 07:26:16.972 DEBUG application 3179 ecb35f4b-d831-41e5-8299-088ab39c66ce Exporting binary resources.
2025-05-14 07:26:16.972 DEBUG application 3179 ecb35f4b-d831-41e5-8299-088ab39c66ce Serializing object to XML.
2025-05-14 07:26:16.98 DEBUG application 3179 ecb35f4b-d831-41e5-8299-088ab39c66ce Object transported.
